/*C1*/SET SCHEMA PUBLIC
CONNECT USER SA
/*C2*/SET SCHEMA PUBLIC
CONNECT USER SA
/*C3*/SET SCHEMA PUBLIC
CONNECT USER SA
/*C4*/SET SCHEMA PUBLIC
CONNECT USER SA
/*C5*/SET SCHEMA PUBLIC
CONNECT USER SA
/*C6*/SET SCHEMA PUBLIC
CONNECT USER SA
/*C2*/SET AUTOCOMMIT FALSE
SET AUTOCOMMIT TRUE
SET AUTOCOMMIT FALSE
DELETE FROM JBM_COUNTER WHERE NAME='MESSAGE_ID'
INSERT INTO JBM_COUNTER VALUES('MESSAGE_ID',20480)
COMMIT
DELETE FROM JBM_COUNTER WHERE NAME='CHANNEL_ID'
INSERT INTO JBM_COUNTER VALUES('CHANNEL_ID',50)
COMMIT
SET AUTOCOMMIT TRUE
/*C3*/DISCONNECT
/*C4*/DISCONNECT
/*C5*/DISCONNECT
/*C6*/DISCONNECT
/*C2*/DISCONNECT
/*C1*/DISCONNECT
